2022-03-10 14:01:25 - INFO： >>>>> 开始测试 <<<<<
2022-03-10 14:01:25 - INFO： 执行登录操作
2022-03-10 14:04:09 - INFO： >>>>> 开始测试 <<<<<
2022-03-10 14:04:09 - INFO： 执行登录操作
2022-03-10 14:04:57 - INFO： >>>>> 开始测试 <<<<<
2022-03-10 14:04:57 - INFO： 执行登录操作，账号：18261260398，密码：Aa123456
2022-03-10 14:09:26 - INFO： >>>>> 开始测试 <<<<<
2022-03-10 14:09:26 - INFO： 执行登录操作，账号：18261260398，密码：Aa123456
2022-03-10 14:09:46 - INFO： >>>>> 开始测试 <<<<<
2022-03-10 14:09:46 - INFO： 执行登录操作，账号：18261260398，密码：Aa123456
2022-03-10 14:10:55 - INFO： >>>>> 开始测试 <<<<<
2022-03-10 14:10:55 - INFO： 执行登录操作，账号：18261260398，密码：Aa123456
2022-03-10 18:48:41 - INFO：  _                        _         _            _   
| |__   ___   ___ ___    (_)_ __   | |_ ___  ___| |_ 
| '_ \ / _ \ / __/ _ \   | | '_ \  | __/ _ \/ __| __|
| |_) | (_) | (_|  __/   | | |_) | | ||  __/\__ \ |_ 
|_.__/ \___/ \___\___|___|_| .__/___\__\___||___/\__|
                    |_____||_| |_____|               

2022-03-10 18:48:46 - INFO： >>>>> 开始测试 <<<<<
2022-03-10 18:48:46 - DEBUG： 执行登录操作，账号：18261260398，密码：Aa123456
2022-03-10 18:50:17 - INFO： 
 _                        _         _            _   
| |__   ___   ___ ___    (_)_ __   | |_ ___  ___| |_ 
| '_ \ / _ \ / __/ _ \   | | '_ \  | __/ _ \/ __| __|
| |_) | (_) | (_|  __/   | | |_) | | ||  __/\__ \ |_ 
|_.__/ \___/ \___\___|___|_| .__/___\__\___||___/\__|
                    |_____||_| |_____|               

2022-03-10 18:50:20 - INFO： >>>>> 开始测试 <<<<<
2022-03-10 18:50:20 - DEBUG： 执行登录操作，账号：18261260398，密码：Aa123456
